Streaming program executes starts
Establishing connection.
Connection established.
Twitter Stream is connected !!! 
Receiving status stream.
3Tweets has been received
4Tweets has been received
5Tweets has been received
6Tweets has been received
7Tweets has been received
8Tweets has been received
9Tweets has been received
10Tweets has been received
11Tweets has been received
12Tweets has been received
13Tweets has been received
14Tweets has been received
15Tweets has been received
16Tweets has been received
17Tweets has been received
18Tweets has been received
19Tweets has been received
20Tweets has been received
21Tweets has been received
22Tweets has been received
23Tweets has been received
24Tweets has been received
Stream will be closed as Time limit(30s) has been reached.
Twitter Stream is disconnected !!!
Twitter Stream is being cleaned & Shutting down!!!
Streaming program finished.
